<?xml version="1.0" encoding="UTF-8"?>
<!-- Generated by org.testng.reporters.JUnitXMLReporter -->
<testsuite ignored="2" hostname="DESKTOP-TAJKON5" failures="2" tests="2" name="Default test(failed)" time="0.071" errors="0" timestamp="2021-10-27T20:34:44 IST">
  <testcase classname="TestNg.ex9_Failed_Xml_File2" name="TC9" time="0.014">
    <failure type="java.lang.AssertionError" message="null">
      <![CDATA[java.lang.AssertionError: null
at TestNg.ex9_Failed_Xml_File2.TC9(ex9_Failed_Xml_File2.java:25)
at java.base/java.util.ArrayList.forEach(ArrayList.java:1511)
... Removed 29 stack frames]]>
    </failure>
  </testcase> <!-- TC9 -->
  <testcase classname="TestNg.ex9_Failed_Xml_File2" name="TC8" time="0.002">
    <failure type="java.lang.AssertionError" message="null">
      <![CDATA[java.lang.AssertionError: null
at TestNg.ex9_Failed_Xml_File2.TC8(ex9_Failed_Xml_File2.java:18)
at java.base/java.util.ArrayList.forEach(ArrayList.java:1511)
... Removed 29 stack frames]]>
    </failure>
  </testcase> <!-- TC8 -->
  <testcase classname="TestNg.ex9_Failed_Xml_File2" name="TC10" time="0.0">
    <ignored/>
  </testcase> <!-- TC10 -->
  <testcase classname="TestNg.ex9_Failed_Xml_File2" name="TC7" time="0.0">
    <ignored/>
  </testcase> <!-- TC7 -->
</testsuite> <!-- Default test(failed) -->
