<?xml version="1.0" encoding="UTF-8"?>
<!-- Generated by org.testng.reporters.JUnitXMLReporter -->
<testsuite ignored="2" hostname="DESKTOP-TAJKON5" failures="0" tests="2" name="Default test(failed)(failed)" time="0.081" errors="0" timestamp="2021-10-27T20:35:09 IST">
  <testcase classname="TestNg.ex9_Failed_Xml_File2" name="TC9" time="0.013"/>
  <testcase classname="TestNg.ex9_Failed_Xml_File2" name="TC8" time="0.002"/>
  <testcase classname="TestNg.ex9_Failed_Xml_File2" name="TC10" time="0.0">
    <ignored/>
  </testcase> <!-- TC10 -->
  <testcase classname="TestNg.ex9_Failed_Xml_File2" name="TC7" time="0.0">
    <ignored/>
  </testcase> <!-- TC7 -->
</testsuite> <!-- Default test(failed)(failed) -->
